<?xml version="1.0" encoding="UTF-8"?>
<!-- Generated by org.testng.reporters.JUnitXMLReporter -->
<testsuite hostname="DESKTOP-MP4J7KJ" ignored="0" name="Default test" tests="2" failures="0" timestamp="2020-06-22T19:13:24 BST" time="61.109" errors="0">
  <testcase name="readAndExtractInputFile" time="0.02" classname="TestNGTest.CarRegistrationCheck"/>
  <testcase name="verifyRegistrationNumbers" time="60.999" classname="TestNGTest.CarRegistrationCheck"/>
</testsuite> <!-- Default test -->
